<?xml version="1.0" encoding="UTF-8"?>
<testsuite name="Cucumber" time="22.393" tests="2" skipped="0" failures="1" errors="0">
<testcase classname="data_tables" name="customer_login" time="11.456">
<system-out><![CDATA[
Given user is on "https://www.bluerentalcars.com/login" page................passed
When user enters customer email and customer password.......................passed
Then verify application login is successful.................................passed
And close the application...................................................passed
]]></system-out>
</testcase>
<testcase classname="hooks_test" name="TC_01_Test" time="10.623">
<failure type="java.lang.AssertionError">
<![CDATA[java.lang.AssertionError
	at org.junit.Assert.fail(Assert.java:87)
	at org.junit.Assert.assertTrue(Assert.java:42)
	at org.junit.Assert.assertTrue(Assert.java:53)
	at stepdefinitions.LoginStepDefinitions.verifyTheNextPageUrlContainsLoginKeyword(LoginStepDefinitions.java:64)
	at âœ½.verify the next page url contains login keyword(file:///Users/Ahmed/IdeaProjects/my-cucumber-project/./src/test/resources/features/day26_failed_test_cases.feature:8)
]]>
</failure>
<system-out><![CDATA[
Given user is on "https://www.bluerentalcars.com/login" page................passed
When user enters customer email and customer password.......................passed
Then verify the next page url contains login keyword........................failed
]]></system-out>
</testcase>
</testsuite>
